modules/itri-upload/android/build/intermediates/manifest_merge_blame_file/debug/processDebugManifest/manifest-merger-blame-debug-report.txt
1<?xml version="1.0" encoding="utf-8"?>
2<manifest xmlns:android="http://schemas.android.com/apk/res/android"
3    package="expo.modules.itriupload" >
4
5    <uses-sdk android:minSdkVersion="24" />
6
7    <uses-permission android:name="android.permission.RUN_USER_INITIATED_JOBS" />
7-->src/main/AndroidManifest.xml:3:5-82
7-->src/main/AndroidManifest.xml:3:22-79
8
9    <application>
9-->src/main/AndroidManifest.xml:5:5-12:19
10        <service
10-->src/main/AndroidManifest.xml:7:9-10:40
11            android:name="expo.modules.itriupload.ItriUploadJobService"
11-->src/main/AndroidManifest.xml:8:13-49
12            android:exported="false"
12-->src/main/AndroidManifest.xml:10:13-37
13            android:permission="android.permission.BIND_JOB_SERVICE" />
13-->src/main/AndroidManifest.xml:9:13-69
14    </application>
15
16</manifest>